build/intermediates/manifest_merge_blame_file/debug/manifest-merger-blame-debug-report.txt
1<?xml version="1.0" encoding="utf-8"?>
2<manifest xmlns:android="http://schemas.android.com/apk/res/android"
3    package="com.app.projectfinal_master"
4    android:versionCode="1"
5    android:versionName="1.0" >
6
7    <uses-sdk
8        android:minSdkVersion="23"
8-->src\main\AndroidManifest.xml
9        android:targetSdkVersion="32" />
9-->src\main\AndroidManifest.xml
10
11    <uses-permission android:name="android.permission.INTERNET" />
11-->src\main\AndroidManifest.xml:6:5-67
11-->src\main\AndroidManifest.xml:6:22-64
12    <uses-permission android:name="android.permission.ACCESS_NETWORK_STATE" />
12-->src\main\AndroidManifest.xml:7:5-79
12-->src\main\AndroidManifest.xml:7:22-76
13
14    <application
14-->src\main\AndroidManifest.xml:9:5-39:19
15        android:allowBackup="true"
15-->src\main\AndroidManifest.xml:10:9-35
16        android:appComponentFactory="androidx.core.app.CoreComponentFactory"
16-->[androidx.core:core:1.8.0] AndroidManifest.xml:24:18-86
17        android:dataExtractionRules="@xml/data_extraction_rules"
17-->src\main\AndroidManifest.xml:11:9-65
18        android:debuggable="true"
19        android:extractNativeLibs="false"
20        android:fullBackupContent="@xml/backup_rules"
20-->src\main\AndroidManifest.xml:12:9-54
21        android:icon="@mipmap/ic_launcher"
21-->src\main\AndroidManifest.xml:13:9-43
22        android:label="@string/app_name"
22-->src\main\AndroidManifest.xml:14:9-41
23        android:roundIcon="@mipmap/ic_launcher_round"
23-->src\main\AndroidManifest.xml:15:9-54
24        android:supportsRtl="true"
24-->src\main\AndroidManifest.xml:16:9-35
25        android:testOnly="true"
26        android:theme="@style/Theme.ProjectFinal_master"
26-->src\main\AndroidManifest.xml:17:9-57
27        android:usesCleartextTraffic="true" >
27-->src\main\AndroidManifest.xml:18:9-44
28        <activity
28-->src\main\AndroidManifest.xml:20:9-22:40
29            android:name="com.app.projectfinal_master.activity.PayActivity"
29-->src\main\AndroidManifest.xml:21:13-49
30            android:exported="false" />
30-->src\main\AndroidManifest.xml:22:13-37
31        <activity
31-->src\main\AndroidManifest.xml:23:9-25:40
32            android:name="com.app.projectfinal_master.activity.MainActivity"
32-->src\main\AndroidManifest.xml:24:13-50
33            android:exported="false" />
33-->src\main\AndroidManifest.xml:25:13-37
34        <activity
34-->src\main\AndroidManifest.xml:26:9-28:40
35            android:name="com.app.projectfinal_master.activity.DetailProductActivity"
35-->src\main\AndroidManifest.xml:27:13-59
36            android:exported="false" />
36-->src\main\AndroidManifest.xml:28:13-37
37        <activity
37-->src\main\AndroidManifest.xml:29:9-38:20
38            android:name="com.app.projectfinal_master.activity.HomeActivity"
38-->src\main\AndroidManifest.xml:30:13-50
39            android:exported="true"
39-->src\main\AndroidManifest.xml:31:13-36
40            android:windowSoftInputMode="adjustNothing" >
40-->src\main\AndroidManifest.xml:32:13-56
41            <intent-filter>
41-->src\main\AndroidManifest.xml:33:13-37:29
42                <action android:name="android.intent.action.MAIN" />
42-->src\main\AndroidManifest.xml:34:17-69
42-->src\main\AndroidManifest.xml:34:25-66
43
44                <category android:name="android.intent.category.LAUNCHER" />
44-->src\main\AndroidManifest.xml:36:17-77
44-->src\main\AndroidManifest.xml:36:27-74
45            </intent-filter>
46        </activity>
47
48        <provider
48-->[androidx.emoji2:emoji2:1.2.0] AndroidManifest.xml:24:9-32:20
49            android:name="androidx.startup.InitializationProvider"
49-->[androidx.emoji2:emoji2:1.2.0] AndroidManifest.xml:25:13-67
50            android:authorities="com.app.projectfinal_master.androidx-startup"
50-->[androidx.emoji2:emoji2:1.2.0] AndroidManifest.xml:26:13-68
51            android:exported="false" >
51-->[androidx.emoji2:emoji2:1.2.0] AndroidManifest.xml:27:13-37
52            <meta-data
52-->[androidx.emoji2:emoji2:1.2.0] AndroidManifest.xml:29:13-31:52
53                android:name="androidx.emoji2.text.EmojiCompatInitializer"
53-->[androidx.emoji2:emoji2:1.2.0] AndroidManifest.xml:30:17-75
54                android:value="androidx.startup" />
54-->[androidx.emoji2:emoji2:1.2.0] AndroidManifest.xml:31:17-49
55            <meta-data
55-->[androidx.lifecycle:lifecycle-process:2.4.1] AndroidManifest.xml:31:13-33:52
56                android:name="androidx.lifecycle.ProcessLifecycleInitializer"
56-->[androidx.lifecycle:lifecycle-process:2.4.1] AndroidManifest.xml:32:17-78
57                android:value="androidx.startup" />
57-->[androidx.lifecycle:lifecycle-process:2.4.1] AndroidManifest.xml:33:17-49
58        </provider>
59    </application>
60
61</manifest>